# JRE version: Java(TM) SE Runtime Environment (8.0_161-b12) (build 1.8.0_161-b12)
# Java VM: Java HotSpot(TM) 64-Bit Server VM (25.161-b12 mixed mode windows-amd64 compressed oops)
Heap:
 PSYoungGen      total 141824K, used 47756K [0x000000076b000000, 0x0000000774500000, 0x00000007c0000000)
  eden space 131072K, 29% used [0x000000076b000000,0x000000076d59d718,0x0000000773000000)
  from space 10752K, 85% used [0x0000000773a80000,0x0000000774385a10,0x0000000774500000)
  to   space 10752K, 0% used [0x0000000773000000,0x0000000773000000,0x0000000773a80000)
 ParOldGen       total 175104K, used 1362K [0x00000006c1000000, 0x00000006cbb00000, 0x000000076b000000)
  object space 175104K, 0% used [0x00000006c1000000,0x00000006c1154910,0x00000006cbb00000)
 Metaspace       used 18489K, capacity 18679K, committed 18944K, reserved 1067008K
  class space    used 2154K, capacity 2263K, committed 2304K, reserved 1048576K
GC Heap History (8 events):
Event: 2.519 GC heap before
{Heap before GC invocations=1 (full 0):
 PSYoungGen      total 76288K, used 65536K [0x000000076b000000, 0x0000000770500000, 0x00000007c0000000)
  eden space 65536K, 100% used [0x000000076b000000,0x000000076f000000,0x000000076f000000)
  from space 10752K, 0% used [0x000000076fa80000,0x000000076fa80000,0x0000000770500000)
  to   space 10752K, 0% used [0x000000076f000000,0x000000076f000000,0x000000076fa80000)
 ParOldGen       total 175104K, used 0K [0x00000006c1000000, 0x00000006cbb00000, 0x000000076b000000)
  object space 175104K, 0% used [0x00000006c1000000,0x00000006c1000000,0x00000006cbb00000)
 Metaspace       used 18282K, capacity 18519K, committed 18944K, reserved 1067008K
  class space    used 2138K, capacity 2231K, committed 2304K, reserved 1048576K
Event: 2.526 GC heap after
Heap after GC invocations=1 (full 0):
 PSYoungGen      total 76288K, used 10725K [0x000000076b000000, 0x0000000770500000, 0x00000007c0000000)
  eden space 65536K, 0% used [0x000000076b000000,0x000000076b000000,0x000000076f000000)
  from space 10752K, 99% used [0x000000076f000000,0x000000076fa79448,0x000000076fa80000)
  to   space 10752K, 0% used [0x000000076fa80000,0x000000076fa80000,0x0000000770500000)
 ParOldGen       total 175104K, used 1354K [0x00000006c1000000, 0x00000006cbb00000, 0x000000076b000000)
  object space 175104K, 0% used [0x00000006c1000000,0x00000006c1152910,0x00000006cbb00000)
 Metaspace       used 18282K, capacity 18519K, committed 18944K, reserved 1067008K
  class space    used 2138K, capacity 2231K, committed 2304K, reserved 1048576K
}
Event: 2.573 GC heap before
{Heap before GC invocations=2 (full 0):
 PSYoungGen      total 76288K, used 76261K [0x000000076b000000, 0x0000000770500000, 0x00000007c0000000)
  eden space 65536K, 100% used [0x000000076b000000,0x000000076f000000,0x000000076f000000)
  from space 10752K, 99% used [0x000000076f000000,0x000000076fa79448,0x000000076fa80000)
  to   space 10752K, 0% used [0x000000076fa80000,0x000000076fa80000,0x0000000770500000)
 ParOldGen       total 175104K, used 1354K [0x00000006c1000000, 0x00000006cbb00000, 0x000000076b000000)
  object space 175104K, 0% used [0x00000006c1000000,0x00000006c1152910,0x00000006cbb00000)
 Metaspace       used 18291K, capacity 18519K, committed 18944K, reserved 1067008K
  class space    used 2138K, capacity 2231K, committed 2304K, reserved 1048576K
Event: 2.578 GC heap after
Heap after GC invocations=2 (full 0):
 PSYoungGen      total 76288K, used 9302K [0x000000076b000000, 0x0000000774500000, 0x00000007c0000000)
  eden space 65536K, 0% used [0x000000076b000000,0x000000076b000000,0x000000076f000000)
  from space 10752K, 86% used [0x000000076fa80000,0x0000000770395a10,0x0000000770500000)
  to   space 10752K, 0% used [0x000000076f000000,0x000000076f000000,0x000000076fa80000)
 ParOldGen       total 175104K, used 1362K [0x00000006c1000000, 0x00000006cbb00000, 0x000000076b000000)
  object space 175104K, 0% used [0x00000006c1000000,0x00000006c1154910,0x00000006cbb00000)
 Metaspace       used 18291K, capacity 18519K, committed 18944K, reserved 1067008K
  class space    used 2138K, capacity 2231K, committed 2304K, reserved 1048576K
}
Event: 2.616 GC heap before
{Heap before GC invocations=3 (full 0):
 PSYoungGen      total 76288K, used 74838K [0x000000076b000000, 0x0000000774500000, 0x00000007c0000000)
  eden space 65536K, 100% used [0x000000076b000000,0x000000076f000000,0x000000076f000000)
  from space 10752K, 86% used [0x000000076fa80000,0x0000000770395a10,0x0000000770500000)
  to   space 10752K, 0% used [0x000000076f000000,0x000000076f000000,0x000000076fa80000)
 ParOldGen       total 175104K, used 1362K [0x00000006c1000000, 0x00000006cbb00000, 0x000000076b000000)
  object space 175104K, 0% used [0x00000006c1000000,0x00000006c1154910,0x00000006cbb00000)
 Metaspace       used 18291K, capacity 18519K, committed 18944K, reserved 1067008K
  class space    used 2138K, capacity 2231K, committed 2304K, reserved 1048576K
Event: 2.621 GC heap after
Heap after GC invocations=3 (full 0):
 PSYoungGen      total 76288K, used 9190K [0x000000076b000000, 0x0000000774500000, 0x00000007c0000000)
  eden space 65536K, 0% used [0x000000076b000000,0x000000076b000000,0x000000076f000000)
  from space 10752K, 85% used [0x000000076f000000,0x000000076f8f9a00,0x000000076fa80000)
  to   space 10752K, 0% used [0x0000000773a80000,0x0000000773a80000,0x0000000774500000)
 ParOldGen       total 175104K, used 1362K [0x00000006c1000000, 0x00000006cbb00000, 0x000000076b000000)
  object space 175104K, 0% used [0x00000006c1000000,0x00000006c1154910,0x00000006cbb00000)
 Metaspace       used 18291K, capacity 18519K, committed 18944K, reserved 1067008K
  class space    used 2138K, capacity 2231K, committed 2304K, reserved 1048576K
}
Event: 2.653 GC heap before
{Heap before GC invocations=4 (full 0):
 PSYoungGen      total 76288K, used 74726K [0x000000076b000000, 0x0000000774500000, 0x00000007c0000000)
  eden space 65536K, 100% used [0x000000076b000000,0x000000076f000000,0x000000076f000000)
  from space 10752K, 85% used [0x000000076f000000,0x000000076f8f9a00,0x000000076fa80000)
  to   space 10752K, 0% used [0x0000000773a80000,0x0000000773a80000,0x0000000774500000)
 ParOldGen       total 175104K, used 1362K [0x00000006c1000000, 0x00000006cbb00000, 0x000000076b000000)
  object space 175104K, 0% used [0x00000006c1000000,0x00000006c1154910,0x00000006cbb00000)
 Metaspace       used 18291K, capacity 18519K, committed 18944K, reserved 1067008K
  class space    used 2138K, capacity 2231K, committed 2304K, reserved 1048576K
Event: 2.657 GC heap after
Heap after GC invocations=4 (full 0):
 PSYoungGen      total 141824K, used 9238K [0x000000076b000000, 0x0000000774500000, 0x00000007c0000000)
  eden space 131072K, 0% used [0x000000076b000000,0x000000076b000000,0x0000000773000000)
  from space 10752K, 85% used [0x0000000773a80000,0x0000000774385a10,0x0000000774500000)
  to   space 10752K, 0% used [0x0000000773000000,0x0000000773000000,0x0000000773a80000)
 ParOldGen       total 175104K, used 1362K [0x00000006c1000000, 0x00000006cbb00000, 0x000000076b000000)
  object space 175104K, 0% used [0x00000006c1000000,0x00000006c1154910,0x00000006cbb00000)
 Metaspace       used 18291K, capacity 18519K, committed 18944K, reserved 1067008K
  class space    used 2138K, capacity 2231K, committed 2304K, reserved 1048576K
}

